Performing C SOURCE FILE Test CMAKE_HAVE_LIBC_PTHREAD failed with the following output:
Change Dir: /root/sy/build/CMakeFiles/CMakeTmp

Run Build Command(s):/usr/bin/gmake cmTC_d7833/fast && gmake[1]: Entering directory `/root/sy/build/CMakeFiles/CMakeTmp'
/usr/bin/gmake  -f CMakeFiles/cmTC_d7833.dir/build.make CMakeFiles/cmTC_d7833.dir/build
gmake[2]: Entering directory `/root/sy/build/CMakeFiles/CMakeTmp'
Building C object CMakeFiles/cmTC_d7833.dir/src.c.o
/usr/bin/gcc   -rdynamic -O3 -fPIC -ggdb -std=c11 -Wall -Wno-deprecated -Werror -Wno-unused-function -Wno-builtin-macro-redefined -Wno-deprecated-declarations -DCMAKE_HAVE_LIBC_PTHREAD   -o CMakeFiles/cmTC_d7833.dir/src.c.o   -c /root/sy/build/CMakeFiles/CMakeTmp/src.c
Linking C executable cmTC_d7833
/usr/bin/cmake3 -E cmake_link_script CMakeFiles/cmTC_d7833.dir/link.txt --verbose=1
/usr/bin/gcc  -rdynamic -O3 -fPIC -ggdb -std=c11 -Wall -Wno-deprecated -Werror -Wno-unused-function -Wno-builtin-macro-redefined -Wno-deprecated-declarations -DCMAKE_HAVE_LIBC_PTHREAD    -rdynamic CMakeFiles/cmTC_d7833.dir/src.c.o  -o cmTC_d7833 
CMakeFiles/cmTC_d7833.dir/src.c.o: In function `main':
/root/sy/build/CMakeFiles/CMakeTmp/src.c:11: undefined reference to `pthread_create'
/root/sy/build/CMakeFiles/CMakeTmp/src.c:12: undefined reference to `pthread_detach'
/root/sy/build/CMakeFiles/CMakeTmp/src.c:13: undefined reference to `pthread_cancel'
/root/sy/build/CMakeFiles/CMakeTmp/src.c:14: undefined reference to `pthread_join'
/root/sy/build/CMakeFiles/CMakeTmp/src.c:15: undefined reference to `pthread_atfork'
collect2: error: ld returned 1 exit status
gmake[2]: *** [cmTC_d7833] Error 1
gmake[2]: Leaving directory `/root/sy/build/CMakeFiles/CMakeTmp'
gmake[1]: *** [cmTC_d7833/fast] Error 2
gmake[1]: Leaving directory `/root/sy/build/CMakeFiles/CMakeTmp'


Source file was:
#include <pthread.h>

void* test_func(void* data)
{
  return data;
}

int main(void)
{
  pthread_t thread;
  pthread_create(&thread, NULL, test_func, NULL);
  pthread_detach(thread);
  pthread_cancel(thread);
  pthread_join(thread, NULL);
  pthread_atfork(NULL, NULL, NULL);
  pthread_exit(NULL);

  return 0;
}

Determining if the function pthread_create exists in the pthreads failed with the following output:
Change Dir: /root/sy/build/CMakeFiles/CMakeTmp

Run Build Command(s):/usr/bin/gmake cmTC_7e408/fast && gmake[1]: Entering directory `/root/sy/build/CMakeFiles/CMakeTmp'
/usr/bin/gmake  -f CMakeFiles/cmTC_7e408.dir/build.make CMakeFiles/cmTC_7e408.dir/build
gmake[2]: Entering directory `/root/sy/build/CMakeFiles/CMakeTmp'
Building C object CMakeFiles/cmTC_7e408.dir/CheckFunctionExists.c.o
/usr/bin/gcc   -rdynamic -O3 -fPIC -ggdb -std=c11 -Wall -Wno-deprecated -Werror -Wno-unused-function -Wno-builtin-macro-redefined -Wno-deprecated-declarations -DCHECK_FUNCTION_EXISTS=pthread_create   -o CMakeFiles/cmTC_7e408.dir/CheckFunctionExists.c.o   -c /usr/share/cmake3/Modules/CheckFunctionExists.c
Linking C executable cmTC_7e408
/usr/bin/cmake3 -E cmake_link_script CMakeFiles/cmTC_7e408.dir/link.txt --verbose=1
/usr/bin/gcc  -rdynamic -O3 -fPIC -ggdb -std=c11 -Wall -Wno-deprecated -Werror -Wno-unused-function -Wno-builtin-macro-redefined -Wno-deprecated-declarations -DCHECK_FUNCTION_EXISTS=pthread_create    -rdynamic CMakeFiles/cmTC_7e408.dir/CheckFunctionExists.c.o  -o cmTC_7e408  -lpthreads 
/usr/bin/ld: cannot find -lpthreads
collect2: error: ld returned 1 exit status
gmake[2]: *** [cmTC_7e408] Error 1
gmake[2]: Leaving directory `/root/sy/build/CMakeFiles/CMakeTmp'
gmake[1]: *** [cmTC_7e408/fast] Error 2
gmake[1]: Leaving directory `/root/sy/build/CMakeFiles/CMakeTmp'



